Using pre-set license
Built from '2020.3/release' branch; Version is '2020.3.7f1 (dd97f2c94397) revision 14522354'; Using compiler version '192528614'; Build Type 'Release'
OS: 'Windows 10 Home Single Language; OS build 22631.3527; Version 2009; 64bit' Language: 'en' Physical Memory: 8023 MB
BatchMode: 1, IsHumanControllingUs: 0, StartBugReporterOnCrash: 0, Is64bit: 1, IsPro: 0

 COMMAND LINE ARGUMENTS:
C:\Program Files\Unity\Hub\Editor\2020.3.7f1\Editor\Unity.exe
-adb2
-batchMode
-noUpm
-name
AssetImportWorker0
-projectPath
C:/Users/risha/Videos/PlanetsAR-main
-logFile
Logs/AssetImportWorker0.log
-srvPort
54615
Successfully changed project path to: C:/Users/risha/Videos/PlanetsAR-main
C:/Users/risha/Videos/PlanetsAR-main
Using Asset Import Pipeline V2.
Refreshing native plugins compatible for Editor in 40.30 ms, found 2 plugins.
Preloading 0 native plugins for Editor in 0.00 ms.
Initialize engine version: 2020.3.7f1 (dd97f2c94397)
[Subsystems] Discovering subsystems at path C:/Program Files/Unity/Hub/Editor/2020.3.7f1/Editor/Data/Resources/UnitySubsystems
[Subsystems] Discovering subsystems at path C:/Users/risha/Videos/PlanetsAR-main/Assets
GfxDevice: creating device client; threaded=0
Direct3D:
    Version:  Direct3D 11.0 [level 11.1]
    Renderer: NVIDIA GeForce GTX 1650 (ID=0x1f99)
    Vendor:   
    VRAM:     3962 MB
    Driver:   31.0.15.1640
Initialize mono
Mono path[0] = 'C:/Program Files/Unity/Hub/Editor/2020.3.7f1/Editor/Data/Managed'
Mono path[1] = 'C:/Program Files/Unity/Hub/Editor/2020.3.7f1/Editor/Data/MonoBleedingEdge/lib/mono/unityjit'
Mono config path = 'C:/Program Files/Unity/Hub/Editor/2020.3.7f1/Editor/Data/MonoBleedingEdge/etc'
Using monoOptions --debugger-agent=transport=dt_socket,embedding=1,server=y,suspend=n,address=127.0.0.1:56052
Begin MonoManager ReloadAssembly
Registering precompiled unity dll's ...
Register platform support module: C:/Program Files/Unity/Hub/Editor/2020.3.7f1/Editor/Data/PlaybackEngines/WindowsStandaloneSupport/UnityEditor.WindowsStandalone.Extensions.dll
Registered in 0.002961 seconds.
Native extension for WindowsStandalone target not found
Refreshing native plugins compatible for Editor in 47.28 ms, found 2 plugins.
Preloading 0 native plugins for Editor in 0.00 ms.
Mono: successfully reloaded assembly
- Completed reload, in  3.627 seconds
Platform modules already initialized, skipping
Registering precompiled user dll's ...
Registered in 0.011546 seconds.
Begin MonoManager ReloadAssembly
Native extension for WindowsStandalone target not found
Refreshing native plugins compatible for Editor in 0.44 ms, found 2 plugins.
Preloading 0 native plugins for Editor in 0.00 ms.
Mono: successfully reloaded assembly
- Completed reload, in  1.125 seconds
Platform modules already initialized, skipping
========================================================================
Worker process is ready to serve import requests
Launched and connected shader compiler UnityShaderCompiler.exe after 0.04 seconds
Refreshing native plugins compatible for Editor in 0.41 ms, found 2 plugins.
Preloading 0 native plugins for Editor in 0.00 ms.
Unloading 1776 Unused Serialized files (Serialized files now loaded: 0)
System memory in use before: 80.2 MB.
System memory in use after: 80.3 MB.

Unloading 22 unused Assets to reduce memory usage. Loaded Objects now: 2210.
Total: 3.951700 ms (FindLiveObjects: 0.346700 ms CreateObjectMapping: 0.136500 ms MarkObjects: 3.375600 ms  DeleteObjects: 0.090500 ms)

========================================================================
Received Import Request.
  path: Assets/Scenes/Planets/JetEngine.unity
  artifactKey: Guid(1902f6e6b016e4043ac1ee3ad2a78b0b) Importer(815301076,1909f56bfc062723c751e8b465ee728b)
Start importing Assets/Scenes/Planets/JetEngine.unity using Guid(1902f6e6b016e4043ac1ee3ad2a78b0b) Importer(815301076,1909f56bfc062723c751e8b465ee728b)  -> (artifact id: 'fc41dc5c2433e58892ef5ae4778b6d23') in 0.017501 seconds
  Import took 0.021559 seconds .

========================================================================
Received Import Request.
  Time since last request: 144.403028 seconds.
  path: Assets/Import/Saturn.prefab
  artifactKey: Guid(59a16a27fb4eb7c408bb9898da50a1ef) Importer(815301076,1909f56bfc062723c751e8b465ee728b)
Start importing Assets/Import/Saturn.prefab using Guid(59a16a27fb4eb7c408bb9898da50a1ef) Importer(815301076,1909f56bfc062723c751e8b465ee728b)  -> (artifact id: '0966916e26a539ba44d52e578a2254de') in 0.341448 seconds
  Import took 0.346568 seconds .

========================================================================
Received Import Request.
  Time since last request: 68.595730 seconds.
  path: Assets/Assets
  artifactKey: Guid(2a5fa29bd2ae49a44a3f46a6ce656a2e) Importer(815301076,1909f56bfc062723c751e8b465ee728b)
Start importing Assets/Assets using Guid(2a5fa29bd2ae49a44a3f46a6ce656a2e) Importer(815301076,1909f56bfc062723c751e8b465ee728b)  -> (artifact id: '904b7a9c887fc4973b17f9272066d9a8') in 0.010118 seconds
  Import took 0.025592 seconds .

========================================================================
Received Import Request.
  Time since last request: 0.180348 seconds.
  path: Assets/Assets/TASTY DONUTS SDF.asset
  artifactKey: Guid(dd6f3908bd6a6754a989e35a3f70ae78) Importer(815301076,1909f56bfc062723c751e8b465ee728b)
Start importing Assets/Assets/TASTY DONUTS SDF.asset using Guid(dd6f3908bd6a6754a989e35a3f70ae78) Importer(815301076,1909f56bfc062723c751e8b465ee728b)  -> (artifact id: '1091781d8754ee694c75155665d72a93') in 0.088422 seconds
  Import took 0.093932 seconds .

========================================================================
Received Import Request.
  Time since last request: 0.000226 seconds.
  path: Assets/Assets/TASTY DONUTS.otf
  artifactKey: Guid(9ecf6e6a42601ed459de65db3607566a) Importer(815301076,1909f56bfc062723c751e8b465ee728b)
Start importing Assets/Assets/TASTY DONUTS.otf using Guid(9ecf6e6a42601ed459de65db3607566a) Importer(815301076,1909f56bfc062723c751e8b465ee728b)  -> (artifact id: 'f86d59d9a2734c2c07fb3bb1e9b414e6') in 0.029967 seconds
  Import took 0.035376 seconds .

========================================================================
Received Import Request.
  Time since last request: 0.785903 seconds.
  path: Assets/Assets/3DModels
  artifactKey: Guid(b203ca0c7b363b8418200669b9874b09) Importer(815301076,1909f56bfc062723c751e8b465ee728b)
Start importing Assets/Assets/3DModels using Guid(b203ca0c7b363b8418200669b9874b09) Importer(815301076,1909f56bfc062723c751e8b465ee728b)  -> (artifact id: 'e9e93bf48071ee12aee671475ed28913') in 0.020289 seconds
  Import took 0.024172 seconds .

========================================================================
Received Import Request.
  Time since last request: 0.109975 seconds.
  path: Assets/Assets/3DModels/Animal cell_fbx.FBX
  artifactKey: Guid(d3fe6badb5eaeb8488367c673414e788) Importer(815301076,1909f56bfc062723c751e8b465ee728b)
Start importing Assets/Assets/3DModels/Animal cell_fbx.FBX using Guid(d3fe6badb5eaeb8488367c673414e788) Importer(815301076,1909f56bfc062723c751e8b465ee728b)  -> (artifact id: 'ea99732f5f015e112f31074c124e500d') in 0.348722 seconds
  Import took 0.352465 seconds .

========================================================================
Received Import Request.
  Time since last request: 0.000242 seconds.
  path: Assets/Assets/3DModels/Material #48.mat
  artifactKey: Guid(fc4e726f1ec6ca04e81e9b0007020029) Importer(815301076,1909f56bfc062723c751e8b465ee728b)
Start importing Assets/Assets/3DModels/Material #48.mat using Guid(fc4e726f1ec6ca04e81e9b0007020029) Importer(815301076,1909f56bfc062723c751e8b465ee728b)  -> (artifact id: 'e707f2e7de5cc9e099bc8b72ef4e8081') in 0.031281 seconds
  Import took 0.034815 seconds .

========================================================================
Received Import Request.
  Time since last request: 0.000278 seconds.
  path: Assets/Assets/3DModels/normal_map_dermis_u1_v1.png
  artifactKey: Guid(64acd53f3612a2943a45a81488a16efc) Importer(815301076,1909f56bfc062723c751e8b465ee728b)
Start importing Assets/Assets/3DModels/normal_map_dermis_u1_v1.png using Guid(64acd53f3612a2943a45a81488a16efc) Importer(815301076,1909f56bfc062723c751e8b465ee728b)  -> (artifact id: '5a829a91546891a1d53d32cf131e6a97') in 0.091077 seconds
  Import took 0.094482 seconds .

========================================================================
Received Import Request.
  Time since last request: 0.000303 seconds.
  path: Assets/Assets/3DModels/dna_strand_set.FBX
  artifactKey: Guid(8fd64ff2d63699041b8692cc920374be) Importer(815301076,1909f56bfc062723c751e8b465ee728b)
Start importing Assets/Assets/3DModels/dna_strand_set.FBX using Guid(8fd64ff2d63699041b8692cc920374be) Importer(815301076,1909f56bfc062723c751e8b465ee728b)  -> (artifact id: '091780f1ac40158b15e8759ba9aef01f') in 0.098901 seconds
  Import took 0.102160 seconds .

========================================================================
Received Import Request.
  Time since last request: 0.000277 seconds.
  path: Assets/Assets/3DModels/dermis_anatomy_obj.obj
  artifactKey: Guid(bb396b54eb0f5744cbc36f96f5fecdf7) Importer(815301076,1909f56bfc062723c751e8b465ee728b)
Start importing Assets/Assets/3DModels/dermis_anatomy_obj.obj using Guid(bb396b54eb0f5744cbc36f96f5fecdf7) Importer(815301076,1909f56bfc062723c751e8b465ee728b)  -> (artifact id: '661e3687dad49ed0977c33a310734ae7') in 0.301716 seconds
  Import took 0.305434 seconds .

========================================================================
Received Import Request.
  Time since last request: 0.000294 seconds.
  path: Assets/Assets/3DModels/spiney.FBX
  artifactKey: Guid(afcdd587d12f54f4da747c91d4619dff) Importer(815301076,1909f56bfc062723c751e8b465ee728b)
Start importing Assets/Assets/3DModels/spiney.FBX using Guid(afcdd587d12f54f4da747c91d4619dff) Importer(815301076,1909f56bfc062723c751e8b465ee728b)  -> (artifact id: '5164a0a6b0e79edc5b34400d2cc31379') in 0.134812 seconds
  Import took 0.137906 seconds .

========================================================================
Received Import Request.
  Time since last request: 0.000175 seconds.
  path: Assets/Assets/3DModels/Hloroplaste_Maket_Complete.FBX
  artifactKey: Guid(dd7220cfa28fbe94a86cc6bf41faa08d) Importer(815301076,1909f56bfc062723c751e8b465ee728b)
Start importing Assets/Assets/3DModels/Hloroplaste_Maket_Complete.FBX using Guid(dd7220cfa28fbe94a86cc6bf41faa08d) Importer(815301076,1909f56bfc062723c751e8b465ee728b)  -> (artifact id: '2a70b48f601e0ac97892a452741966f3') in 0.071116 seconds
  Import took 0.075169 seconds .

========================================================================
Received Import Request.
  Time since last request: 0.000281 seconds.
  path: Assets/Assets/3DModels/dermis_anatomy_obj Variant.prefab
  artifactKey: Guid(277b3f386a5132d4c89286fea57b9b40) Importer(815301076,1909f56bfc062723c751e8b465ee728b)
Start importing Assets/Assets/3DModels/dermis_anatomy_obj Variant.prefab using Guid(277b3f386a5132d4c89286fea57b9b40) Importer(815301076,1909f56bfc062723c751e8b465ee728b)  -> (artifact id: '35215b6248600b58dc3e8ad0e67c4925') in 0.085664 seconds
  Import took 0.090468 seconds .

========================================================================
Received Import Request.
  Time since last request: 0.000317 seconds.
  path: Assets/Assets/3DModels/normal_map_dermis_u1_v1.jpg
  artifactKey: Guid(a5118b43ed25c1b4780dcfc50172f470) Importer(815301076,1909f56bfc062723c751e8b465ee728b)
Start importing Assets/Assets/3DModels/normal_map_dermis_u1_v1.jpg using Guid(a5118b43ed25c1b4780dcfc50172f470) Importer(815301076,1909f56bfc062723c751e8b465ee728b)  -> (artifact id: '9bfe34b60921a000aa0c33248da01afb') in 0.082304 seconds
  Import took 0.086067 seconds .

========================================================================
Received Import Request.
  Time since last request: 0.000280 seconds.
  path: Assets/Assets/3DModels/medu.jpg
  artifactKey: Guid(d085047566500b541a32ee7772ece75c) Importer(815301076,1909f56bfc062723c751e8b465ee728b)
Start importing Assets/Assets/3DModels/medu.jpg using Guid(d085047566500b541a32ee7772ece75c) Importer(815301076,1909f56bfc062723c751e8b465ee728b)  -> (artifact id: 'cf1034a5b1246509d865eac2a047e2e5') in 0.082059 seconds
  Import took 0.085977 seconds .

========================================================================
Received Import Request.
  Time since last request: 0.000307 seconds.
  path: Assets/Assets/3DModels/Bacteriophage.FBX
  artifactKey: Guid(ca9643bce120feb4695593f700fb197e) Importer(815301076,1909f56bfc062723c751e8b465ee728b)
Start importing Assets/Assets/3DModels/Bacteriophage.FBX using Guid(ca9643bce120feb4695593f700fb197e) Importer(815301076,1909f56bfc062723c751e8b465ee728b)  -> (artifact id: '7a3263368d309fed7b75a79dfc3b829e') in 1.150081 seconds
  Import took 1.156975 seconds .

========================================================================
Received Import Request.
  Time since last request: 0.000199 seconds.
  path: Assets/Assets/3DModels/membrane.FBX
  artifactKey: Guid(63e04e7148a72664e961e7e88c0525ce) Importer(815301076,1909f56bfc062723c751e8b465ee728b)
Start importing Assets/Assets/3DModels/membrane.FBX using Guid(63e04e7148a72664e961e7e88c0525ce) Importer(815301076,1909f56bfc062723c751e8b465ee728b)  -> (artifact id: '4304f9122e736b491e5a4edb5eed6026') in 0.196107 seconds
  Import took 0.210121 seconds .

========================================================================
Received Import Request.
  Time since last request: 0.000218 seconds.
  path: Assets/Assets/3DModels/brain.FBX
  artifactKey: Guid(43daaf418c97e8b469ad23d94793e209) Importer(815301076,1909f56bfc062723c751e8b465ee728b)
Start importing Assets/Assets/3DModels/brain.FBX using Guid(43daaf418c97e8b469ad23d94793e209) Importer(815301076,1909f56bfc062723c751e8b465ee728b)  -> (artifact id: 'e32d486b8f43d44ed866b087a68466c7') in 0.108108 seconds
  Import took 0.111464 seconds .

========================================================================
Received Import Request.
  Time since last request: 0.000269 seconds.
  path: Assets/Assets/3DModels/Neuron.FBX
  artifactKey: Guid(d8878435b1c7f274bb1f0e918d5ee73b) Importer(815301076,1909f56bfc062723c751e8b465ee728b)
Start importing Assets/Assets/3DModels/Neuron.FBX using Guid(d8878435b1c7f274bb1f0e918d5ee73b) Importer(815301076,1909f56bfc062723c751e8b465ee728b)  -> (artifact id: '16c12c8168fdc8839fc23ad62be01e14') in 0.093304 seconds
  Import took 0.096869 seconds .

========================================================================
Received Import Request.
  Time since last request: 0.000222 seconds.
  path: Assets/Assets/3DModels/paint dermis_u1_v1.jpg
  artifactKey: Guid(a692eb5afeb786d4482129dfcc854dd6) Importer(815301076,1909f56bfc062723c751e8b465ee728b)
Start importing Assets/Assets/3DModels/paint dermis_u1_v1.jpg using Guid(a692eb5afeb786d4482129dfcc854dd6) Importer(815301076,1909f56bfc062723c751e8b465ee728b)  -> (artifact id: '996e1e58997c6a35fc363b1722c0efbc') in 0.065504 seconds
  Import took 0.068404 seconds .

========================================================================
Received Import Request.
  Time since last request: 0.000268 seconds.
  path: Assets/Assets/3DModels/cereb.jpg
  artifactKey: Guid(9f5a90f1533cce542829776db0969e91) Importer(815301076,1909f56bfc062723c751e8b465ee728b)
Start importing Assets/Assets/3DModels/cereb.jpg using Guid(9f5a90f1533cce542829776db0969e91) Importer(815301076,1909f56bfc062723c751e8b465ee728b)  -> (artifact id: 'f85160c4f3ff5b7e0066771e93221691') in 0.072671 seconds
  Import took 0.075546 seconds .

========================================================================
Received Import Request.
  Time since last request: 0.000264 seconds.
  path: Assets/Assets/3DModels/paint dermis_u1_v1.png
  artifactKey: Guid(a93cb18765b7e7945be2f4485f9eb5f3) Importer(815301076,1909f56bfc062723c751e8b465ee728b)
Start importing Assets/Assets/3DModels/paint dermis_u1_v1.png using Guid(a93cb18765b7e7945be2f4485f9eb5f3) Importer(815301076,1909f56bfc062723c751e8b465ee728b)  -> (artifact id: '6919b455089a4e185d3e010a44d575bd') in 0.070948 seconds
  Import took 0.075315 seconds .

========================================================================
Received Import Request.
  Time since last request: 4.312061 seconds.
  path: Assets/Assets/3DModels/Textures
  artifactKey: Guid(9f65011f945bd1e4182ef9af661ac594) Importer(815301076,1909f56bfc062723c751e8b465ee728b)
Start importing Assets/Assets/3DModels/Textures using Guid(9f65011f945bd1e4182ef9af661ac594) Importer(815301076,1909f56bfc062723c751e8b465ee728b)  -> (artifact id: 'eb8d285ef0da286a4e10b27c50eafd16') in 0.014642 seconds
  Import took 0.021548 seconds .

========================================================================
Received Import Request.
  Time since last request: 148.711028 seconds.
  path: Assets/Scenes 1/MainMenu.unity
  artifactKey: Guid(c09f4b0b2a9226946aa44a3dd8ffdfa6) Importer(815301076,1909f56bfc062723c751e8b465ee728b)
Start importing Assets/Scenes 1/MainMenu.unity using Guid(c09f4b0b2a9226946aa44a3dd8ffdfa6) Importer(815301076,1909f56bfc062723c751e8b465ee728b)  -> (artifact id: '4904360451355798721a0dc3ff6f69f5') in 0.024068 seconds
  Import took 0.040828 seconds .

========================================================================
Received Import Request.
  Time since last request: 59.726220 seconds.
  path: Assets/Scenes 1/Batch1.unity
  artifactKey: Guid(d24363ba929b38c44b606b1f4daec095) Importer(815301076,1909f56bfc062723c751e8b465ee728b)
Start importing Assets/Scenes 1/Batch1.unity using Guid(d24363ba929b38c44b606b1f4daec095) Importer(815301076,1909f56bfc062723c751e8b465ee728b)  -> (artifact id: '8a4d8e222132b5c62a7bb786e05ea170') in 0.023007 seconds
  Import took 0.027568 seconds .

AssetImportWorkerClient::OnTransportError - code=2 error=End of file
